Created by PLY version 3.11 (http://www.dabeaz.com/ply)

Grammar

Rule 0     S' -> expression
Rule 1     expression -> expression PLUS expression
Rule 2     expression -> expression MINUS expression
Rule 3     expression -> expression TIMES expression
Rule 4     expression -> expression DIVIDE expression
Rule 5     expression -> MINUS expression
Rule 6     expression -> LPAREN expression RPAREN
Rule 7     expression -> NUMBER

Terminals, with rules where they appear

DIVIDE               : 4
LPAREN               : 6
MINUS                : 2 5
NUMBER               : 7
PLUS                 : 1
RPAREN               : 6
TIMES                : 3
error                : 

Nonterminals, with rules where they appear

expression           : 1 1 2 2 3 3 4 4 5 6 0

Parsing method: LALR

state 0

    (0) S' -> . expression
    (1) expression -> . expression PLUS expression
    (2) expression -> . expression MINUS expression
    (3) expression -> . expression TIMES expression
    (4) expression -> . expression DIVIDE expression
    (5) expression -> . MINUS expression
    (6) expression -> . LPAREN expression RPAREN
    (7) expression -> . NUMBER

    MINUS           shift and go to state 2
    LPAREN          shift and go to state 3
    NUMBER          shift and go to state 4

    expression                     shift and go to state 1

state 1

    (0) S' -> expression .
    (1) expression -> expression . PLUS expression
    (2) expression -> expression . MINUS expression
    (3) expression -> expression . TIMES expression
    (4) expression -> expression . DIVIDE expression

    PLUS            shift and go to state 5
    MINUS           shift and go to state 6
    TIMES           shift and go to state 7
    DIVIDE          shift and go to state 8


state 2

    (5) expression -> MINUS . expression
    (1) expression -> . expression PLUS expression
    (2) expression -> . expression MINUS expression
    (3) expression -> . expression TIMES expression
    (4) expression -> . expression DIVIDE expression
    (5) expression -> . MINUS expression
    (6) expression -> . LPAREN expression RPAREN
    (7) expression -> . NUMBER

    MINUS           shift and go to state 2
    LPAREN          shift and go to state 3
    NUMBER          shift and go to state 4

    expression                     shift and go to state 9

state 3

    (6) expression -> LPAREN . expression RPAREN
    (1) expression -> . expression PLUS expression
    (2) expression -> . expression MINUS expression
    (3) expression -> . expression TIMES expression
    (4) expression -> . expression DIVIDE expression
    (5) expression -> . MINUS expression
    (6) expression -> . LPAREN expression RPAREN
    (7) expression -> . NUMBER

    MINUS           shift and go to state 2
    LPAREN          shift and go to state 3
    NUMBER          shift and go to state 4

    expression                     shift and go to state 10

state 4

    (7) expression -> NUMBER .

    PLUS            reduce using rule 7 (expression -> NUMBER .)
    MINUS           reduce using rule 7 (expression -> NUMBER .)
    TIMES           reduce using rule 7 (expression -> NUMBER .)
    DIVIDE          reduce using rule 7 (expression -> NUMBER .)
    $end            reduce using rule 7 (expression -> NUMBER .)
    RPAREN          reduce using rule 7 (expression -> NUMBER .)


state 5

    (1) expression -> expression PLUS . expression
    (1) expression -> . expression PLUS expression
    (2) expression -> . expression MINUS expression
    (3) expression -> . expression TIMES expression
    (4) expression -> . expression DIVIDE expression
    (5) expression -> . MINUS expression
    (6) expression -> . LPAREN expression RPAREN
    (7) expression -> . NUMBER

    MINUS           shift and go to state 2
    LPAREN          shift and go to state 3
    NUMBER          shift and go to state 4

    expression                     shift and go to state 11

state 6

    (2) expression -> expression MINUS . expression
    (1) expression -> . expression PLUS expression
    (2) expression -> . expression MINUS expression
    (3) expression -> . expression TIMES expression
    (4) expression -> . expression DIVIDE expression
    (5) expression -> . MINUS expression
    (6) expression -> . LPAREN expression RPAREN
    (7) expression -> . NUMBER

    MINUS           shift and go to state 2
    LPAREN          shift and go to state 3
    NUMBER          shift and go to state 4

    expression                     shift and go to state 12

state 7

    (3) expression -> expression TIMES . expression
    (1) expression -> . expression PLUS expression
    (2) expression -> . expression MINUS expression
    (3) expression -> . expression TIMES expression
    (4) expression -> . expression DIVIDE expression
    (5) expression -> . MINUS expression
    (6) expression -> . LPAREN expression RPAREN
    (7) expression -> . NUMBER

    MINUS           shift and go to state 2
    LPAREN          shift and go to state 3
    NUMBER          shift and go to state 4

    expression                     shift and go to state 13

state 8

    (4) expression -> expression DIVIDE . expression
    (1) expression -> . expression PLUS expression
    (2) expression -> . expression MINUS expression
    (3) expression -> . expression TIMES expression
    (4) expression -> . expression DIVIDE expression
    (5) expression -> . MINUS expression
    (6) expression -> . LPAREN expression RPAREN
    (7) expression -> . NUMBER

    MINUS           shift and go to state 2
    LPAREN          shift and go to state 3
    NUMBER          shift and go to state 4

    expression                     shift and go to state 14

state 9

    (5) expression -> MINUS expression .
    (1) expression -> expression . PLUS expression
    (2) expression -> expression . MINUS expression
    (3) expression -> expression . TIMES expression
    (4) expression -> expression . DIVIDE expression

    PLUS            reduce using rule 5 (expression -> MINUS expression .)
    MINUS           reduce using rule 5 (expression -> MINUS expression .)
    TIMES           reduce using rule 5 (expression -> MINUS expression .)
    DIVIDE          reduce using rule 5 (expression -> MINUS expression .)
    $end            reduce using rule 5 (expression -> MINUS expression .)
    RPAREN          reduce using rule 5 (expression -> MINUS expression .)

  ! PLUS            [ shift and go to state 5 ]
  ! MINUS           [ shift and go to state 6 ]
  ! TIMES           [ shift and go to state 7 ]
  ! DIVIDE          [ shift and go to state 8 ]


state 10

    (6) expression -> LPAREN expression . RPAREN
    (1) expression -> expression . PLUS expression
    (2) expression -> expression . MINUS expression
    (3) expression -> expression . TIMES expression
    (4) expression -> expression . DIVIDE expression

    RPAREN          shift and go to state 15
    PLUS            shift and go to state 5
    MINUS           shift and go to state 6
    TIMES           shift and go to state 7
    DIVIDE          shift and go to state 8


state 11

    (1) expression -> expression PLUS expression .
    (1) expression -> expression . PLUS expression
    (2) expression -> expression . MINUS expression
    (3) expression -> expression . TIMES expression
    (4) expression -> expression . DIVIDE expression

    PLUS            reduce using rule 1 (expression -> expression PLUS expression .)
    MINUS           reduce using rule 1 (expression -> expression PLUS expression .)
    $end            reduce using rule 1 (expression -> expression PLUS expression .)
    RPAREN          reduce using rule 1 (expression -> expression PLUS expression .)
    TIMES           shift and go to state 7
    DIVIDE          shift and go to state 8

  ! TIMES           [ reduce using rule 1 (expression -> expression PLUS expression .) ]
  ! DIVIDE          [ reduce using rule 1 (expression -> expression PLUS expression .) ]
  ! PLUS            [ shift and go to state 5 ]
  ! MINUS           [ shift and go to state 6 ]


state 12

    (2) expression -> expression MINUS expression .
    (1) expression -> expression . PLUS expression
    (2) expression -> expression . MINUS expression
    (3) expression -> expression . TIMES expression
    (4) expression -> expression . DIVIDE expression

    PLUS            reduce using rule 2 (expression -> expression MINUS expression .)
    MINUS           reduce using rule 2 (expression -> expression MINUS expression .)
    $end            reduce using rule 2 (expression -> expression MINUS expression .)
    RPAREN          reduce using rule 2 (expression -> expression MINUS expression .)
    TIMES           shift and go to state 7
    DIVIDE          shift and go to state 8

  ! TIMES           [ reduce using rule 2 (expression -> expression MINUS expression .) ]
  ! DIVIDE          [ reduce using rule 2 (expression -> expression MINUS expression .) ]
  ! PLUS            [ shift and go to state 5 ]
  ! MINUS           [ shift and go to state 6 ]


state 13

    (3) expression -> expression TIMES expression .
    (1) expression -> expression . PLUS expression
    (2) expression -> expression . MINUS expression
    (3) expression -> expression . TIMES expression
    (4) expression -> expression . DIVIDE expression

    PLUS            reduce using rule 3 (expression -> expression TIMES expression .)
    MINUS           reduce using rule 3 (expression -> expression TIMES expression .)
    TIMES           reduce using rule 3 (expression -> expression TIMES expression .)
    DIVIDE          reduce using rule 3 (expression -> expression TIMES expression .)
    $end            reduce using rule 3 (expression -> expression TIMES expression .)
    RPAREN          reduce using rule 3 (expression -> expression TIMES expression .)

  ! PLUS            [ shift and go to state 5 ]
  ! MINUS           [ shift and go to state 6 ]
  ! TIMES           [ shift and go to state 7 ]
  ! DIVIDE          [ shift and go to state 8 ]


state 14

    (4) expression -> expression DIVIDE expression .
    (1) expression -> expression . PLUS expression
    (2) expression -> expression . MINUS expression
    (3) expression -> expression . TIMES expression
    (4) expression -> expression . DIVIDE expression

    PLUS            reduce using rule 4 (expression -> expression DIVIDE expression .)
    MINUS           reduce using rule 4 (expression -> expression DIVIDE expression .)
    TIMES           reduce using rule 4 (expression -> expression DIVIDE expression .)
    DIVIDE          reduce using rule 4 (expression -> expression DIVIDE expression .)
    $end            reduce using rule 4 (expression -> expression DIVIDE expression .)
    RPAREN          reduce using rule 4 (expression -> expression DIVIDE expression .)

  ! PLUS            [ shift and go to state 5 ]
  ! MINUS           [ shift and go to state 6 ]
  ! TIMES           [ shift and go to state 7 ]
  ! DIVIDE          [ shift and go to state 8 ]


state 15

    (6) expression -> LPAREN expression RPAREN .

    PLUS            reduce using rule 6 (expression -> LPAREN expression RPAREN .)
    MINUS           reduce using rule 6 (expression -> LPAREN expression RPAREN .)
    TIMES           reduce using rule 6 (expression -> LPAREN expression RPAREN .)
    DIVIDE          reduce using rule 6 (expression -> LPAREN expression RPAREN .)
    $end            reduce using rule 6 (expression -> LPAREN expression RPAREN .)
    RPAREN          reduce using rule 6 (expression -> LPAREN expression RPAREN .)

